single
[0.65201752 0.60364027 0.73168608 0.60383859 0.65935097 0.62065843
 0.61796091 0.61861923 0.6311294  0.64218308 0.5757501  0.65559487
 0.61545771 0.63058302 0.63089057 0.64831983 0.62137063 0.67320988
 0.59658875 0.60554427 0.65990237 0.62181753 0.55725806 0.56404218
 0.62252431]
[0.61696626 0.54484999 0.56489165 0.56779624 0.6874752  0.54066184
 0.69407722 0.67179229 0.58412734 0.61429039 0.69329519 0.54006646
 0.5643855  0.61527956 0.62360001 0.5913298  0.64814242 0.62233651
 0.59424294 0.69062254 0.72525496 0.61642151 0.56174296 0.63152362
 0.59068335]
[0.64034776 0.64745782 0.55595009 0.52732249 0.67924561 0.61790778
 0.68680629 0.74756208 0.5876462  0.68269249 0.65121913 0.56315229
 0.56490005 0.65592939 0.60659798 0.62287042 0.61825811 0.6615203
 0.67882425 0.65419215 0.55000374 0.68994472 0.57072508 0.59891713
 0.59472097]
[0.54717703 0.65104058 0.60110512 0.608209   0.6188928  0.60155288
 0.60611227 0.62943346 0.65568999 0.66450007 0.64143492 0.69823064
 0.58031586 0.58785962 0.6718105  0.5480366  0.55980462 0.62579111
 0.56607755 0.70154328 0.55158585 0.70824711 0.63501006 0.64390381
 0.5743541 ]
[0.59331931 0.60057127 0.58387698 0.69567053 0.62909382 0.63860518
 0.60451347 0.68703538 0.5664382  0.61189364 0.67656846 0.56264876
 0.57812831 0.57724324 0.64422427 0.7064405  0.66952744 0.61342423
 0.61494809 0.6224429  0.62962398 0.66852033 0.62009769 0.69185804
 0.62262166]
[0.65201752 0.60364027 0.73168608 0.60383859 0.65935097 0.62065843
 0.61796091 0.61861923 0.6311294  0.64218308 0.5757501  0.65559487
 0.61545771 0.63058302 0.63089057 0.64831983 0.62137063 0.67320988
 0.59658875 0.60554427 0.65990237 0.62181753 0.55725806 0.56404218
 0.62252431]
[0.61696626 0.54484999 0.56489165 0.56779624 0.6874752  0.54066184
 0.69407722 0.67179229 0.58412734 0.61429039 0.69329519 0.54006646
 0.5643855  0.61527956 0.62360001 0.5913298  0.64814242 0.62233651
 0.59424294 0.69062254 0.72525496 0.61642151 0.56174296 0.63152362
 0.59068335]
[0.64034776 0.64745782 0.55595009 0.52732249 0.67924561 0.61790778
 0.68680629 0.74756208 0.5876462  0.68269249 0.65121913 0.56315229
 0.56490005 0.65592939 0.60659798 0.62287042 0.61825811 0.6615203
 0.67882425 0.65419215 0.55000374 0.68994472 0.57072508 0.59891713
 0.59472097]
[0.54717703 0.65104058 0.60110512 0.608209   0.6188928  0.60155288
 0.60611227 0.62943346 0.65568999 0.66450007 0.64143492 0.69823064
 0.58031586 0.58785962 0.6718105  0.5480366  0.55980462 0.62579111
 0.56607755 0.70154328 0.55158585 0.70824711 0.63501006 0.64390381
 0.5743541 ]
[0.59331931 0.60057127 0.58387698 0.69567053 0.62909382 0.63860518
 0.60451347 0.68703538 0.5664382  0.61189364 0.67656846 0.56264876
 0.57812831 0.57724324 0.64422427 0.7064405  0.66952744 0.61342423
 0.61494809 0.6224429  0.62962398 0.66852033 0.62009769 0.69185804
 0.62262166]
[0.65201752 0.60364027 0.73168608 0.60383859 0.65935097 0.62065843
 0.61796091 0.61861923 0.6311294  0.64218308 0.5757501  0.65559487
 0.61545771 0.63058302 0.63089057 0.64831983 0.62137063 0.67320988
 0.59658875 0.60554427 0.65990237 0.62181753 0.55725806 0.56404218
 0.62252431]
[0.61696626 0.54484999 0.56489165 0.56779624 0.6874752  0.54066184
 0.69407722 0.67179229 0.58412734 0.61429039 0.69329519 0.54006646
 0.5643855  0.61527956 0.62360001 0.5913298  0.64814242 0.62233651
 0.59424294 0.69062254 0.72525496 0.61642151 0.56174296 0.63152362
 0.59068335]
[0.64034776 0.64745782 0.55595009 0.52732249 0.67924561 0.61790778
 0.68680629 0.74756208 0.5876462  0.68269249 0.65121913 0.56315229
 0.56490005 0.65592939 0.60659798 0.62287042 0.61825811 0.6615203
 0.67882425 0.65419215 0.55000374 0.68994472 0.57072508 0.59891713
 0.59472097]
[0.54717703 0.65104058 0.60110512 0.608209   0.6188928  0.60155288
 0.60611227 0.62943346 0.65568999 0.66450007 0.64143492 0.69823064
 0.58031586 0.58785962 0.6718105  0.5480366  0.55980462 0.62579111
 0.56607755 0.70154328 0.55158585 0.70824711 0.63501006 0.64390381
 0.5743541 ]
[0.59331931 0.60057127 0.58387698 0.69567053 0.62909382 0.63860518
 0.60451347 0.68703538 0.5664382  0.61189364 0.67656846 0.56264876
 0.57812831 0.57724324 0.64422427 0.7064405  0.66952744 0.61342423
 0.61494809 0.6224429  0.62962398 0.66852033 0.62009769 0.69185804
 0.62262166]
[0.65201752 0.60364027 0.73168608 0.60383859 0.65935097 0.62065843
 0.61796091 0.61861923 0.6311294  0.64218308 0.5757501  0.65559487
 0.61545771 0.63058302 0.63089057 0.64831983 0.62137063 0.67320988
 0.59658875 0.60554427 0.65990237 0.62181753 0.55725806 0.56404218
 0.62252431]
[0.61696626 0.54484999 0.56489165 0.56779624 0.6874752  0.54066184
 0.69407722 0.67179229 0.58412734 0.61429039 0.69329519 0.54006646
 0.5643855  0.61527956 0.62360001 0.5913298  0.64814242 0.62233651
 0.59424294 0.69062254 0.72525496 0.61642151 0.56174296 0.63152362
 0.59068335]
[0.64034776 0.64745782 0.55595009 0.52732249 0.67924561 0.61790778
 0.68680629 0.74756208 0.5876462  0.68269249 0.65121913 0.56315229
 0.56490005 0.65592939 0.60659798 0.62287042 0.61825811 0.6615203
 0.67882425 0.65419215 0.55000374 0.68994472 0.57072508 0.59891713
 0.59472097]
[0.54717703 0.65104058 0.60110512 0.608209   0.6188928  0.60155288
 0.60611227 0.62943346 0.65568999 0.66450007 0.64143492 0.69823064
 0.58031586 0.58785962 0.6718105  0.5480366  0.55980462 0.62579111
 0.56607755 0.70154328 0.55158585 0.70824711 0.63501006 0.64390381
 0.5743541 ]
[0.59331931 0.60057127 0.58387698 0.69567053 0.62909382 0.63860518
 0.60451347 0.68703538 0.5664382  0.61189364 0.67656846 0.56264876
 0.57812831 0.57724324 0.64422427 0.7064405  0.66952744 0.61342423
 0.61494809 0.6224429  0.62962398 0.66852033 0.62009769 0.69185804
 0.62262166]
[0.65201752 0.60364027 0.73168608 0.60383859 0.65935097 0.62065843
 0.61796091 0.61861923 0.6311294  0.64218308 0.5757501  0.65559487
 0.61545771 0.63058302 0.63089057 0.64831983 0.62137063 0.67320988
 0.59658875 0.60554427 0.65990237 0.62181753 0.55725806 0.56404218
 0.62252431]
[0.61696626 0.54484999 0.56489165 0.56779624 0.6874752  0.54066184
 0.69407722 0.67179229 0.58412734 0.61429039 0.69329519 0.54006646
 0.5643855  0.61527956 0.62360001 0.5913298  0.64814242 0.62233651
 0.59424294 0.69062254 0.72525496 0.61642151 0.56174296 0.63152362
 0.59068335]
[0.64034776 0.64745782 0.55595009 0.52732249 0.67924561 0.61790778
 0.68680629 0.74756208 0.5876462  0.68269249 0.65121913 0.56315229
 0.56490005 0.65592939 0.60659798 0.62287042 0.61825811 0.6615203
 0.67882425 0.65419215 0.55000374 0.68994472 0.57072508 0.59891713
 0.59472097]
[0.54717703 0.65104058 0.60110512 0.608209   0.6188928  0.60155288
 0.60611227 0.62943346 0.65568999 0.66450007 0.64143492 0.69823064
 0.58031586 0.58785962 0.6718105  0.5480366  0.55980462 0.62579111
 0.56607755 0.70154328 0.55158585 0.70824711 0.63501006 0.64390381
 0.5743541 ]
[0.59331931 0.60057127 0.58387698 0.69567053 0.62909382 0.63860518
 0.60451347 0.68703538 0.5664382  0.61189364 0.67656846 0.56264876
 0.57812831 0.57724324 0.64422427 0.7064405  0.66952744 0.61342423
 0.61494809 0.6224429  0.62962398 0.66852033 0.62009769 0.69185804
 0.62262166]



fed
[0.75450971 0.74152736 0.91217196 0.71556498 0.80670829 0.73664895
 0.74987789 0.7719923  0.78707346 0.74903651 0.6842382  0.77884425
 0.75100315 0.75710346 0.74822594 0.79929123 0.73170122 0.81740322
 0.69929439 0.6991684  0.76186349 0.74876078 0.64316408 0.66882156
 0.77211322]
[0.7707032  0.64893107 0.7000352  0.68258338 0.82348407 0.63360282
 0.86592684 0.83699361 0.68671187 0.73861787 0.85908739 0.64092589
 0.673358   0.70946562 0.75140674 0.71298897 0.74630789 0.73072945
 0.69019545 0.84694027 0.8705416  0.71970082 0.67630134 0.75822131
 0.73045787]
[0.73987686 0.80024468 0.66495673 0.61686463 0.79371382 0.7338861
 0.84639232 0.8768497  0.72525218 0.78595473 0.76857665 0.67336072
 0.67877028 0.81977409 0.72242588 0.74085008 0.71707272 0.81263302
 0.81648629 0.78546765 0.67775388 0.80109497 0.66093315 0.69271337
 0.68753298]
[0.67345977 0.77455415 0.69640535 0.74362024 0.71645632 0.72138883
 0.7565985  0.75071815 0.80088159 0.79493955 0.80111957 0.81430077
 0.68287063 0.7152451  0.79105344 0.64237919 0.69084369 0.7454245
 0.68161895 0.84570831 0.66293886 0.87309015 0.73095044 0.75337086
 0.67171879]
[0.70022846 0.70864164 0.69562733 0.8304855  0.72430987 0.77018133
 0.712124   0.83419277 0.69435714 0.75830004 0.82204289 0.69657028
 0.7114483  0.69146205 0.78513157 0.87356053 0.80719974 0.73137809
 0.74826517 0.76173288 0.74421944 0.82582071 0.7157953  0.85195981
 0.73283582]
[0.75450971 0.74152736 0.91217196 0.71556498 0.80670829 0.73664895
 0.74987789 0.7719923  0.78707346 0.74903651 0.6842382  0.77884425
 0.75100315 0.75710346 0.74822594 0.79929123 0.73170122 0.81740322
 0.69929439 0.6991684  0.76186349 0.74876078 0.64316408 0.66882156
 0.77211322]
[0.7707032  0.64893107 0.7000352  0.68258338 0.82348407 0.63360282
 0.86592684 0.83699361 0.68671187 0.73861787 0.85908739 0.64092589
 0.673358   0.70946562 0.75140674 0.71298897 0.74630789 0.73072945
 0.69019545 0.84694027 0.8705416  0.71970082 0.67630134 0.75822131
 0.73045787]
[0.73987686 0.80024468 0.66495673 0.61686463 0.79371382 0.7338861
 0.84639232 0.8768497  0.72525218 0.78595473 0.76857665 0.67336072
 0.67877028 0.81977409 0.72242588 0.74085008 0.71707272 0.81263302
 0.81648629 0.78546765 0.67775388 0.80109497 0.66093315 0.69271337
 0.68753298]
[0.67345977 0.77455415 0.69640535 0.74362024 0.71645632 0.72138883
 0.7565985  0.75071815 0.80088159 0.79493955 0.80111957 0.81430077
 0.68287063 0.7152451  0.79105344 0.64237919 0.69084369 0.7454245
 0.68161895 0.84570831 0.66293886 0.87309015 0.73095044 0.75337086
 0.67171879]
[0.70022846 0.70864164 0.69562733 0.8304855  0.72430987 0.77018133
 0.712124   0.83419277 0.69435714 0.75830004 0.82204289 0.69657028
 0.7114483  0.69146205 0.78513157 0.87356053 0.80719974 0.73137809
 0.74826517 0.76173288 0.74421944 0.82582071 0.7157953  0.85195981
 0.73283582]
[0.75450971 0.74152736 0.91217196 0.71556498 0.80670829 0.73664895
 0.74987789 0.7719923  0.78707346 0.74903651 0.6842382  0.77884425
 0.75100315 0.75710346 0.74822594 0.79929123 0.73170122 0.81740322
 0.69929439 0.6991684  0.76186349 0.74876078 0.64316408 0.66882156
 0.77211322]
[0.7707032  0.64893107 0.7000352  0.68258338 0.82348407 0.63360282
 0.86592684 0.83699361 0.68671187 0.73861787 0.85908739 0.64092589
 0.673358   0.70946562 0.75140674 0.71298897 0.74630789 0.73072945
 0.69019545 0.84694027 0.8705416  0.71970082 0.67630134 0.75822131
 0.73045787]
[0.73987686 0.80024468 0.66495673 0.61686463 0.79371382 0.7338861
 0.84639232 0.8768497  0.72525218 0.78595473 0.76857665 0.67336072
 0.67877028 0.81977409 0.72242588 0.74085008 0.71707272 0.81263302
 0.81648629 0.78546765 0.67775388 0.80109497 0.66093315 0.69271337
 0.68753298]
[0.67345977 0.77455415 0.69640535 0.74362024 0.71645632 0.72138883
 0.7565985  0.75071815 0.80088159 0.79493955 0.80111957 0.81430077
 0.68287063 0.7152451  0.79105344 0.64237919 0.69084369 0.7454245
 0.68161895 0.84570831 0.66293886 0.87309015 0.73095044 0.75337086
 0.67171879]
[0.70022846 0.70864164 0.69562733 0.8304855  0.72430987 0.77018133
 0.712124   0.83419277 0.69435714 0.75830004 0.82204289 0.69657028
 0.7114483  0.69146205 0.78513157 0.87356053 0.80719974 0.73137809
 0.74826517 0.76173288 0.74421944 0.82582071 0.7157953  0.85195981
 0.73283582]
[0.75450971 0.74152736 0.91217196 0.71556498 0.80670829 0.73664895
 0.74987789 0.7719923  0.78707346 0.74903651 0.6842382  0.77884425
 0.75100315 0.75710346 0.74822594 0.79929123 0.73170122 0.81740322
 0.69929439 0.6991684  0.76186349 0.74876078 0.64316408 0.66882156
 0.77211322]
[0.7707032  0.64893107 0.7000352  0.68258338 0.82348407 0.63360282
 0.86592684 0.83699361 0.68671187 0.73861787 0.85908739 0.64092589
 0.673358   0.70946562 0.75140674 0.71298897 0.74630789 0.73072945
 0.69019545 0.84694027 0.8705416  0.71970082 0.67630134 0.75822131
 0.73045787]
[0.73987686 0.80024468 0.66495673 0.61686463 0.79371382 0.7338861
 0.84639232 0.8768497  0.72525218 0.78595473 0.76857665 0.67336072
 0.67877028 0.81977409 0.72242588 0.74085008 0.71707272 0.81263302
 0.81648629 0.78546765 0.67775388 0.80109497 0.66093315 0.69271337
 0.68753298]
[0.67345977 0.77455415 0.69640535 0.74362024 0.71645632 0.72138883
 0.7565985  0.75071815 0.80088159 0.79493955 0.80111957 0.81430077
 0.68287063 0.7152451  0.79105344 0.64237919 0.69084369 0.7454245
 0.68161895 0.84570831 0.66293886 0.87309015 0.73095044 0.75337086
 0.67171879]
[0.70022846 0.70864164 0.69562733 0.8304855  0.72430987 0.77018133
 0.712124   0.83419277 0.69435714 0.75830004 0.82204289 0.69657028
 0.7114483  0.69146205 0.78513157 0.87356053 0.80719974 0.73137809
 0.74826517 0.76173288 0.74421944 0.82582071 0.7157953  0.85195981
 0.73283582]
[0.75450971 0.74152736 0.91217196 0.71556498 0.80670829 0.73664895
 0.74987789 0.7719923  0.78707346 0.74903651 0.6842382  0.77884425
 0.75100315 0.75710346 0.74822594 0.79929123 0.73170122 0.81740322
 0.69929439 0.6991684  0.76186349 0.74876078 0.64316408 0.66882156
 0.77211322]
[0.7707032  0.64893107 0.7000352  0.68258338 0.82348407 0.63360282
 0.86592684 0.83699361 0.68671187 0.73861787 0.85908739 0.64092589
 0.673358   0.70946562 0.75140674 0.71298897 0.74630789 0.73072945
 0.69019545 0.84694027 0.8705416  0.71970082 0.67630134 0.75822131
 0.73045787]
[0.73987686 0.80024468 0.66495673 0.61686463 0.79371382 0.7338861
 0.84639232 0.8768497  0.72525218 0.78595473 0.76857665 0.67336072
 0.67877028 0.81977409 0.72242588 0.74085008 0.71707272 0.81263302
 0.81648629 0.78546765 0.67775388 0.80109497 0.66093315 0.69271337
 0.68753298]
[0.67345977 0.77455415 0.69640535 0.74362024 0.71645632 0.72138883
 0.7565985  0.75071815 0.80088159 0.79493955 0.80111957 0.81430077
 0.68287063 0.7152451  0.79105344 0.64237919 0.69084369 0.7454245
 0.68161895 0.84570831 0.66293886 0.87309015 0.73095044 0.75337086
 0.67171879]
[0.70022846 0.70864164 0.69562733 0.8304855  0.72430987 0.77018133
 0.712124   0.83419277 0.69435714 0.75830004 0.82204289 0.69657028
 0.7114483  0.69146205 0.78513157 0.87356053 0.80719974 0.73137809
 0.74826517 0.76173288 0.74421944 0.82582071 0.7157953  0.85195981
 0.73283582]
